ProjectDir: D:\a\godotgame\godotgame\
=== build-solutions @ 2025-11-11T17:41:57.8235977+00:00
WorkerThreadPool: 4 threads, 3 max low-priority.
Godot Engine v4.5.1.stable.mono.official.f62fdbde1 - https://godotengine.org
TextServer: Added interface "Dummy"
TextServer: Added interface "ICU / HarfBuzz / Graphite (Built-in)"
Unrecognized output string "misc2" in mapping:
030000000d0f00000202000000000000,Horipad O Nintendo Switch 2 Controller,a:b1,b:b0,back:b8,dpdown:h0.4,dpleft:h0.8,dpright:h0.2,dpup:h0.1,guide:b12,leftshoulder:b4,leftstick:b10,lefttrigger:b6,leftx:a0,lefty:a1,misc1:b13,misc2:b14,rightshoulder:b5,rightstick:b11,righttrigger:b7,rightx:a2,righty:a3,start:b9,x:b3,y:b2,platform:Windows,
Unrecognized output string "misc2" in mapping:
030000000d0f00009601000000000000,Horipad Steam,a:b0,b:b1,back:b10,dpdown:h0.4,dpleft:h0.8,dpright:h0.2,dpup:h0.1,guide:b12,leftshoulder:b6,leftstick:b13,lefttrigger:b8,leftx:a0,lefty:a1,misc2:b2,paddle1:b5,paddle2:b15,paddle3:b18,paddle4:b19,rightshoulder:b7,rightstick:b14,righttrigger:b9,rightx:a3,righty:a4,start:b11,x:b3,y:b4,platform:Windows,
Unrecognized output string "misc2" in mapping:
030000007e0500006920000000000000,Nintendo Switch 2 Pro Controller,a:b0,b:b1,back:b14,dpdown:b8,dpleft:b10,dpright:b9,dpup:b11,guide:b16,leftshoulder:b12,leftstick:b15,lefttrigger:b13,leftx:a0,lefty:a1~,misc1:b17,misc2:b20,paddle1:b18,paddle2:b19,rightshoulder:b4,rightstick:b7,righttrigger:b5,rightx:a2,righty:a3~,start:b6,x:b2,y:b3,platform:Windows,
Using "default" pen tablet driver...

TextServer: Primary interface set to: "ICU / HarfBuzz / Graphite (Built-in)".
.NET: Initializing module...
Found hostfxr: C:\Users\runneradmin\.dotnet/host/fxr/8.0.21/hostfxr.dll
.NET: hostfxr initialized
.NET: GodotPlugins initialized
CORE API HASH: 2580361198
EDITOR API HASH: 114773189
SceneTreeFTI: traversal method DEFAULT
Loading resource: C:/Users/runneradmin/AppData/Roaming/Godot/editor_settings-4.5.tres
EditorSettings: Load OK!
EditorTheme: Generating new theme for the config '66886095'.
EditorTheme: Generating new icons.
EditorTheme: Generating new fonts.
EditorTheme: Generating new styles.
Found .NET Sdk version '8.0.401': C:\Users\runneradmin\.dotnet\sdk\8.0.401
Loading resource: C:/Users/runneradmin/AppData/Local/Godot/editor_doc_cache-4.5.res
Loaded system CA certificates
[   0% ] [90m[1mfirst_scan_filesystem[22m | Started Project initialization (5 steps)[39m[0m
[   0% ] [90m[1mfirst_scan_filesystem[22m | Scanning file structure...[39m[0m
[  16% ] [90m[1mfirst_scan_filesystem[22m | Loading global class names...[39m[0m
[  33% ] [90m[1mfirst_scan_filesystem[22m | Verifying GDExtensions...[39m[0m
[  50% ] [90m[1mfirst_scan_filesystem[22m | Creating autoload scripts...[39m[0m
Loading resource: res://Game.Godot/Adapters/EventBusAdapter.cs
Loading resource: res://Game.Godot/Adapters/DataStoreAdapter.cs
Loading resource: res://Game.Godot/Adapters/LoggerAdapter.cs
Loading resource: res://Game.Godot/Adapters/AudioPlayerAdapter.cs
Loading resource: res://Game.Godot/Adapters/TimeAdapter.cs
Loading resource: res://Game.Godot/Adapters/InputAdapter.cs
Loading resource: res://Game.Godot/Adapters/SqliteDataStore.cs
Loading resource: res://Game.Godot/Scripts/Security/SecurityAudit.cs
Loading resource: res://Game.Godot/Scripts/Perf/PerformanceTracker.cs
Loading resource: res://Game.Godot/Scripts/Obs/SentryClient.cs
Loading resource: res://Game.Godot/Scripts/Config/FeatureFlags.cs
[  66% ] [90m[1mfirst_scan_filesystem[22m | Initializing plugins...[39m[0m
[  83% ] [90m[1mfirst_scan_filesystem[22m | Starting file scan...[39m[0m
[92m[ DONE ][39m [1mfirst_scan_filesystem[22m
[0m
[   0% ] [90m[1mdotnet_build_project[22m | Started Building .NET project... (1 steps)[39m[0m
[   0% ] [90m[1mdotnet_build_project[22m | Building project[39m[0m
Running:  C:\Users\runneradmin\.dotnet\dotnet.EXE build D:/a/godotgame/godotgame/GodotGame.csproj -c Debug -v normal -l:GodotTools.BuildLogger.GodotBuildLogger,D:/a/godotgame/godotgame/godot/Godot_v4.5.1-stable_mono_win64/GodotSharp/Tools\GodotTools.BuildLogger.dll;C:/Users/runneradmin/AppData/Roaming/Godot/mono/build_logs\933c1b879260b3dd02d1cc5bac1c1e1d_Debug -p:GodotTargetPlatform=windows
[92m[ DONE ][39m [1mdotnet_build_project[22m
[0m
[   0% ] [90m[1mupdate_scripts_classes[22m | Started Registering global classes... (5 steps)[39m[0m
[   0% ] [90m[1mupdate_scripts_classes[22m | [39m[0m
[  16% ] [90m[1mupdate_scripts_classes[22m | [39m[0m
[  33% ] [90m[1mupdate_scripts_classes[22m | [39m[0m
[  50% ] [90m[1mupdate_scripts_classes[22m | [39m[0m
[  66% ] [90m[1mupdate_scripts_classes[22m | [39m[0m
[92m[ DONE ][39m [1mupdate_scripts_classes[22m
[0m
[   0% ] [90m[1mloading_editor_layout[22m | Started Loading editor (5 steps)[39m[0m
[   0% ] [90m[1mloading_editor_layout[22m | Loading editor layout...[39m[0m
[92m[ DONE ][39m [1mloading_editor_layout[22m
[0m
Loading resource: res://Game.Godot/Scenes/Main.tscn
Loading resource: res://Game.Godot/Scripts/Main.gd
Loading resource: res://Game.Godot/Scenes/UI/HUD.tscn
Loading resource: res://Game.Godot/Scripts/UI/HUD.cs
Loading resource: res://Game.Godot/Scenes/UI/MainMenu.tscn
Loading resource: res://Game.Godot/Scripts/UI/MainMenu.cs
Loading resource: res://Game.Godot/Themes/default_theme.tres
Loading resource: res://Game.Godot/Scripts/Demo/GameEngineDemo.cs
Loading resource: res://Game.Godot/Scenes/UI/SettingsPanel.tscn
Loading resource: res://Game.Godot/Scripts/UI/SettingsPanel.cs
Loading resource: res://Game.Godot/Scripts/UI/ThemeApplier.cs
Loading resource: res://Game.Godot/Scripts/UI/SettingsLoader.cs
Loading resource: res://Game.Godot/Scripts/Navigation/ScreenNavigator.cs
Loading resource: res://Game.Godot/Scripts/Bootstrap/InputMapper.cs
Script docs haven't been properly loaded or regenerated, so don't save them to disk.
EditorSettings: Save OK!
Unloading: Disposing tracked instances...
Unloading: Finished disposing tracked instances.
XR: Clearing primary interface
XR: Removed interface "Native mobile"
XR: Removed interface "OpenXR"
Orphan StringName: Node (static: 8, total: 9)
StringName: 1 unclaimed string names at exit.
Built DLLs: 
Detected presets: Windows Desktop
Using preset: 'Windows Desktop' output: 'build/Game.exe'
=== export-release @ 2025-11-11T17:42:04.8104122+00:00
WorkerThreadPool: 4 threads, 3 max low-priority.
Godot Engine v4.5.1.stable.mono.official.f62fdbde1 - https://godotengine.org
TextServer: Added interface "Dummy"
TextServer: Added interface "ICU / HarfBuzz / Graphite (Built-in)"
Unrecognized output string "misc2" in mapping:
030000000d0f00000202000000000000,Horipad O Nintendo Switch 2 Controller,a:b1,b:b0,back:b8,dpdown:h0.4,dpleft:h0.8,dpright:h0.2,dpup:h0.1,guide:b12,leftshoulder:b4,leftstick:b10,lefttrigger:b6,leftx:a0,lefty:a1,misc1:b13,misc2:b14,rightshoulder:b5,rightstick:b11,righttrigger:b7,rightx:a2,righty:a3,start:b9,x:b3,y:b2,platform:Windows,
Unrecognized output string "misc2" in mapping:
030000000d0f00009601000000000000,Horipad Steam,a:b0,b:b1,back:b10,dpdown:h0.4,dpleft:h0.8,dpright:h0.2,dpup:h0.1,guide:b12,leftshoulder:b6,leftstick:b13,lefttrigger:b8,leftx:a0,lefty:a1,misc2:b2,paddle1:b5,paddle2:b15,paddle3:b18,paddle4:b19,rightshoulder:b7,rightstick:b14,righttrigger:b9,rightx:a3,righty:a4,start:b11,x:b3,y:b4,platform:Windows,
Unrecognized output string "misc2" in mapping:
030000007e0500006920000000000000,Nintendo Switch 2 Pro Controller,a:b0,b:b1,back:b14,dpdown:b8,dpleft:b10,dpright:b9,dpup:b11,guide:b16,leftshoulder:b12,leftstick:b15,lefttrigger:b13,leftx:a0,lefty:a1~,misc1:b17,misc2:b20,paddle1:b18,paddle2:b19,rightshoulder:b4,rightstick:b7,righttrigger:b5,rightx:a2,righty:a3~,start:b6,x:b2,y:b3,platform:Windows,
Using "default" pen tablet driver...

TextServer: Primary interface set to: "ICU / HarfBuzz / Graphite (Built-in)".
.NET: Initializing module...
Found hostfxr: C:\Users\runneradmin\.dotnet/host/fxr/8.0.21/hostfxr.dll
.NET: hostfxr initialized
.NET: GodotPlugins initialized
CORE API HASH: 2580361198
EDITOR API HASH: 114773189
SceneTreeFTI: traversal method DEFAULT
Loading resource: C:/Users/runneradmin/AppData/Roaming/Godot/editor_settings-4.5.tres
EditorSettings: Load OK!
EditorTheme: Generating new theme for the config '66886095'.
EditorTheme: Generating new icons.
EditorTheme: Generating new fonts.
EditorTheme: Generating new styles.
Found .NET Sdk version '8.0.401': C:\Users\runneradmin\.dotnet\sdk\8.0.401
Loading resource: C:/Users/runneradmin/AppData/Local/Godot/editor_doc_cache-4.5.res
Loaded system CA certificates
[   0% ] [90m[1mfirst_scan_filesystem[22m | Started Project initialization (5 steps)[39m[0m
[   0% ] [90m[1mfirst_scan_filesystem[22m | Scanning file structure...[39m[0m
[  16% ] [90m[1mfirst_scan_filesystem[22m | Loading global class names...[39m[0m
[  33% ] [90m[1mfirst_scan_filesystem[22m | Verifying GDExtensions...[39m[0m
[  50% ] [90m[1mfirst_scan_filesystem[22m | Creating autoload scripts...[39m[0m
Loading resource: res://Game.Godot/Adapters/EventBusAdapter.cs
Loading resource: res://Game.Godot/Adapters/DataStoreAdapter.cs
Loading resource: res://Game.Godot/Adapters/LoggerAdapter.cs
Loading resource: res://Game.Godot/Adapters/AudioPlayerAdapter.cs
Loading resource: res://Game.Godot/Adapters/TimeAdapter.cs
Loading resource: res://Game.Godot/Adapters/InputAdapter.cs
Loading resource: res://Game.Godot/Adapters/SqliteDataStore.cs
Loading resource: res://Game.Godot/Scripts/Security/SecurityAudit.cs
Loading resource: res://Game.Godot/Scripts/Perf/PerformanceTracker.cs
Loading resource: res://Game.Godot/Scripts/Obs/SentryClient.cs
Loading resource: res://Game.Godot/Scripts/Config/FeatureFlags.cs
[  66% ] [90m[1mfirst_scan_filesystem[22m | Initializing plugins...[39m[0m
[  83% ] [90m[1mfirst_scan_filesystem[22m | Starting file scan...[39m[0m
[92m[ DONE ][39m [1mfirst_scan_filesystem[22m
[0m
Script docs haven't been properly loaded or regenerated, so don't save them to disk.
EditorSettings: Save OK!
Unloading: Disposing tracked instances...
Unloading: Finished disposing tracked instances.
XR: Clearing primary interface
XR: Removed interface "Native mobile"
XR: Removed interface "OpenXR"
Orphan StringName: Node (static: 5, total: 6)
StringName: 1 unclaimed string names at exit.
ERROR: Invalid export preset name: Windows Desktop.
The following presets were detected in this project's `export_presets.cfg`:


   at: _fs_changed (editor/editor_node.cpp:1275)
Detected presets: Windows Desktop
Using preset: 'Windows Desktop' output: 'build/Game.exe'
=== export-debug @ 2025-11-11T17:42:10.9959329+00:00
WorkerThreadPool: 4 threads, 3 max low-priority.
Godot Engine v4.5.1.stable.mono.official.f62fdbde1 - https://godotengine.org
TextServer: Added interface "Dummy"
TextServer: Added interface "ICU / HarfBuzz / Graphite (Built-in)"
Unrecognized output string "misc2" in mapping:
030000000d0f00000202000000000000,Horipad O Nintendo Switch 2 Controller,a:b1,b:b0,back:b8,dpdown:h0.4,dpleft:h0.8,dpright:h0.2,dpup:h0.1,guide:b12,leftshoulder:b4,leftstick:b10,lefttrigger:b6,leftx:a0,lefty:a1,misc1:b13,misc2:b14,rightshoulder:b5,rightstick:b11,righttrigger:b7,rightx:a2,righty:a3,start:b9,x:b3,y:b2,platform:Windows,
Unrecognized output string "misc2" in mapping:
030000000d0f00009601000000000000,Horipad Steam,a:b0,b:b1,back:b10,dpdown:h0.4,dpleft:h0.8,dpright:h0.2,dpup:h0.1,guide:b12,leftshoulder:b6,leftstick:b13,lefttrigger:b8,leftx:a0,lefty:a1,misc2:b2,paddle1:b5,paddle2:b15,paddle3:b18,paddle4:b19,rightshoulder:b7,rightstick:b14,righttrigger:b9,rightx:a3,righty:a4,start:b11,x:b3,y:b4,platform:Windows,
Unrecognized output string "misc2" in mapping:
030000007e0500006920000000000000,Nintendo Switch 2 Pro Controller,a:b0,b:b1,back:b14,dpdown:b8,dpleft:b10,dpright:b9,dpup:b11,guide:b16,leftshoulder:b12,leftstick:b15,lefttrigger:b13,leftx:a0,lefty:a1~,misc1:b17,misc2:b20,paddle1:b18,paddle2:b19,rightshoulder:b4,rightstick:b7,righttrigger:b5,rightx:a2,righty:a3~,start:b6,x:b2,y:b3,platform:Windows,
Using "default" pen tablet driver...

TextServer: Primary interface set to: "ICU / HarfBuzz / Graphite (Built-in)".
.NET: Initializing module...
Found hostfxr: C:\Users\runneradmin\.dotnet/host/fxr/8.0.21/hostfxr.dll
.NET: hostfxr initialized
.NET: GodotPlugins initialized
CORE API HASH: 2580361198
EDITOR API HASH: 114773189
SceneTreeFTI: traversal method DEFAULT
Loading resource: C:/Users/runneradmin/AppData/Roaming/Godot/editor_settings-4.5.tres
EditorSettings: Load OK!
EditorTheme: Generating new theme for the config '66886095'.
EditorTheme: Generating new icons.
EditorTheme: Generating new fonts.
EditorTheme: Generating new styles.
Found .NET Sdk version '8.0.401': C:\Users\runneradmin\.dotnet\sdk\8.0.401
Loading resource: C:/Users/runneradmin/AppData/Local/Godot/editor_doc_cache-4.5.res
Loaded system CA certificates
[   0% ] [90m[1mfirst_scan_filesystem[22m | Started Project initialization (5 steps)[39m[0m
[   0% ] [90m[1mfirst_scan_filesystem[22m | Scanning file structure...[39m[0m
[  16% ] [90m[1mfirst_scan_filesystem[22m | Loading global class names...[39m[0m
[  33% ] [90m[1mfirst_scan_filesystem[22m | Verifying GDExtensions...[39m[0m
[  50% ] [90m[1mfirst_scan_filesystem[22m | Creating autoload scripts...[39m[0m
Loading resource: res://Game.Godot/Adapters/EventBusAdapter.cs
Loading resource: res://Game.Godot/Adapters/DataStoreAdapter.cs
Loading resource: res://Game.Godot/Adapters/LoggerAdapter.cs
Loading resource: res://Game.Godot/Adapters/AudioPlayerAdapter.cs
Loading resource: res://Game.Godot/Adapters/TimeAdapter.cs
Loading resource: res://Game.Godot/Adapters/InputAdapter.cs
Loading resource: res://Game.Godot/Adapters/SqliteDataStore.cs
Loading resource: res://Game.Godot/Scripts/Security/SecurityAudit.cs
Loading resource: res://Game.Godot/Scripts/Perf/PerformanceTracker.cs
Loading resource: res://Game.Godot/Scripts/Obs/SentryClient.cs
Loading resource: res://Game.Godot/Scripts/Config/FeatureFlags.cs
[  66% ] [90m[1mfirst_scan_filesystem[22m | Initializing plugins...[39m[0m
[  83% ] [90m[1mfirst_scan_filesystem[22m | Starting file scan...[39m[0m
[92m[ DONE ][39m [1mfirst_scan_filesystem[22m
[0m
Script docs haven't been properly loaded or regenerated, so don't save them to disk.
EditorSettings: Save OK!
Unloading: Disposing tracked instances...
Unloading: Finished disposing tracked instances.
XR: Clearing primary interface
XR: Removed interface "Native mobile"
XR: Removed interface "OpenXR"
Orphan StringName: Node (static: 5, total: 6)
StringName: 1 unclaimed string names at exit.
ERROR: Invalid export preset name: Windows Desktop.
The following presets were detected in this project's `export_presets.cfg`:


   at: _fs_changed (editor/editor_node.cpp:1275)
Detected presets: Windows Desktop
Using preset (pack): 'Windows Desktop' output: 'build/Game.pck'
=== export-pack @ 2025-11-11T17:42:16.6805865+00:00
WorkerThreadPool: 4 threads, 3 max low-priority.
Godot Engine v4.5.1.stable.mono.official.f62fdbde1 - https://godotengine.org
TextServer: Added interface "Dummy"
TextServer: Added interface "ICU / HarfBuzz / Graphite (Built-in)"
Unrecognized output string "misc2" in mapping:
030000000d0f00000202000000000000,Horipad O Nintendo Switch 2 Controller,a:b1,b:b0,back:b8,dpdown:h0.4,dpleft:h0.8,dpright:h0.2,dpup:h0.1,guide:b12,leftshoulder:b4,leftstick:b10,lefttrigger:b6,leftx:a0,lefty:a1,misc1:b13,misc2:b14,rightshoulder:b5,rightstick:b11,righttrigger:b7,rightx:a2,righty:a3,start:b9,x:b3,y:b2,platform:Windows,
Unrecognized output string "misc2" in mapping:
030000000d0f00009601000000000000,Horipad Steam,a:b0,b:b1,back:b10,dpdown:h0.4,dpleft:h0.8,dpright:h0.2,dpup:h0.1,guide:b12,leftshoulder:b6,leftstick:b13,lefttrigger:b8,leftx:a0,lefty:a1,misc2:b2,paddle1:b5,paddle2:b15,paddle3:b18,paddle4:b19,rightshoulder:b7,rightstick:b14,righttrigger:b9,rightx:a3,righty:a4,start:b11,x:b3,y:b4,platform:Windows,
Unrecognized output string "misc2" in mapping:
030000007e0500006920000000000000,Nintendo Switch 2 Pro Controller,a:b0,b:b1,back:b14,dpdown:b8,dpleft:b10,dpright:b9,dpup:b11,guide:b16,leftshoulder:b12,leftstick:b15,lefttrigger:b13,leftx:a0,lefty:a1~,misc1:b17,misc2:b20,paddle1:b18,paddle2:b19,rightshoulder:b4,rightstick:b7,righttrigger:b5,rightx:a2,righty:a3~,start:b6,x:b2,y:b3,platform:Windows,
Using "default" pen tablet driver...

TextServer: Primary interface set to: "ICU / HarfBuzz / Graphite (Built-in)".
.NET: Initializing module...
Found hostfxr: C:\Users\runneradmin\.dotnet/host/fxr/8.0.21/hostfxr.dll
.NET: hostfxr initialized
.NET: GodotPlugins initialized
CORE API HASH: 2580361198
EDITOR API HASH: 114773189
SceneTreeFTI: traversal method DEFAULT
Loading resource: C:/Users/runneradmin/AppData/Roaming/Godot/editor_settings-4.5.tres
EditorSettings: Load OK!
EditorTheme: Generating new theme for the config '66886095'.
EditorTheme: Generating new icons.
EditorTheme: Generating new fonts.
EditorTheme: Generating new styles.
Found .NET Sdk version '8.0.401': C:\Users\runneradmin\.dotnet\sdk\8.0.401
Loading resource: C:/Users/runneradmin/AppData/Local/Godot/editor_doc_cache-4.5.res
Loaded system CA certificates
[   0% ] [90m[1mfirst_scan_filesystem[22m | Started Project initialization (5 steps)[39m[0m
[   0% ] [90m[1mfirst_scan_filesystem[22m | Scanning file structure...[39m[0m
[  16% ] [90m[1mfirst_scan_filesystem[22m | Loading global class names...[39m[0m
[  33% ] [90m[1mfirst_scan_filesystem[22m | Verifying GDExtensions...[39m[0m
[  50% ] [90m[1mfirst_scan_filesystem[22m | Creating autoload scripts...[39m[0m
Loading resource: res://Game.Godot/Adapters/EventBusAdapter.cs
Loading resource: res://Game.Godot/Adapters/DataStoreAdapter.cs
Loading resource: res://Game.Godot/Adapters/LoggerAdapter.cs
Loading resource: res://Game.Godot/Adapters/AudioPlayerAdapter.cs
Loading resource: res://Game.Godot/Adapters/TimeAdapter.cs
Loading resource: res://Game.Godot/Adapters/InputAdapter.cs
Loading resource: res://Game.Godot/Adapters/SqliteDataStore.cs
Loading resource: res://Game.Godot/Scripts/Security/SecurityAudit.cs
Loading resource: res://Game.Godot/Scripts/Perf/PerformanceTracker.cs
Loading resource: res://Game.Godot/Scripts/Obs/SentryClient.cs
Loading resource: res://Game.Godot/Scripts/Config/FeatureFlags.cs
[  66% ] [90m[1mfirst_scan_filesystem[22m | Initializing plugins...[39m[0m
[  83% ] [90m[1mfirst_scan_filesystem[22m | Starting file scan...[39m[0m
[92m[ DONE ][39m [1mfirst_scan_filesystem[22m
[0m
Script docs haven't been properly loaded or regenerated, so don't save them to disk.
EditorSettings: Save OK!
Unloading: Disposing tracked instances...
Unloading: Finished disposing tracked instances.
XR: Clearing primary interface
XR: Removed interface "Native mobile"
XR: Removed interface "OpenXR"
Orphan StringName: Node (static: 5, total: 6)
StringName: 1 unclaimed string names at exit.
ERROR: Invalid export preset name: Windows Desktop.
The following presets were detected in this project's `export_presets.cfg`:


   at: _fs_changed (editor/editor_node.cpp:1275)
